<?xml version="1.0" encoding="UTF-8"?>
<!-- Generated by org.testng.reporters.JUnitReportReporter -->
<testsuite hostname="naina" failures="0" tests="3" name="com.FlipkartProject.Tests.FiltersTest" time="25.595" errors="0" timestamp="2022-02-07T10:01:44 IST" skipped="0">
  <testcase classname="com.FlipkartProject.Tests.FiltersTest" name="Test_03_priceHighToLow" time="8.931"/>
  <system-out/>
  <testcase classname="com.FlipkartProject.Tests.FiltersTest" name="Test_01_popularityFilter" time="10.014"/>
  <system-out/>
  <testcase classname="com.FlipkartProject.Tests.FiltersTest" name="Test_02_priceLowToHigh" time="6.650"/>
  <system-out/>
</testsuite> <!-- com.FlipkartProject.Tests.FiltersTest -->
