<?xml version="1.0" encoding="UTF-8"?>
<!-- Generated by org.testng.reporters.JUnitReportReporter -->
<testsuite hostname="naina" failures="0" tests="1" name="com.FlipkartProject.Tests.AddToCartTest" time="5.160" errors="0" timestamp="2022-02-04T16:46:22 IST" skipped="0">
  <testcase classname="com.FlipkartProject.Tests.AddToCartTest" name="addTOCart" time="5.160"/>
  <system-out/>
</testsuite> <!-- com.FlipkartProject.Tests.AddToCartTest -->
