<?xml version="1.0" encoding="UTF-8"?>
<!-- Generated by org.testng.reporters.JUnitReportReporter -->
<testsuite hostname="naina" failures="0" tests="2" name="com.FlipkartProject.Tests.MyProfileTest" time="27.024" errors="0" timestamp="2022-02-06T19:47:40 IST" skipped="0">
  <testcase classname="com.FlipkartProject.Tests.MyProfileTest" name="Test_01_myAddress" time="15.620"/>
  <system-out/>
  <testcase classname="com.FlipkartProject.Tests.MyProfileTest" name="Test_02_deleteSavedAddress" time="11.404"/>
  <system-out/>
</testsuite> <!-- com.FlipkartProject.Tests.MyProfileTest -->
