<?xml version="1.0" encoding="UTF-8"?>
<!-- Generated by org.testng.reporters.JUnitReportReporter -->
<testsuite hostname="naina" failures="0" tests="1" name="com.FlipkartProject.utils.ExcelDataProvider" time="0.006" errors="0" timestamp="2022-02-03T11:14:50 IST" skipped="0">
  <testcase classname="com.FlipkartProject.utils.ExcelDataProvider" name="test1" time="0.006"/>
  <system-out/>
</testsuite> <!-- com.FlipkartProject.utils.ExcelDataProvider -->
