<?xml version="1.0" encoding="UTF-8"?>
<!-- Generated by org.testng.reporters.JUnitReportReporter -->
<testsuite hostname="naina" failures="0" tests="1" name="com.FlipkartProject.Tests.PageNavigationTest" time="9.877" errors="0" timestamp="2022-02-06T21:49:58 IST" skipped="0">
  <testcase classname="com.FlipkartProject.Tests.PageNavigationTest" name="Test_01_navigation" time="9.877"/>
  <system-out/>
</testsuite> <!-- com.FlipkartProject.Tests.PageNavigationTest -->
