<?xml version="1.0" encoding="UTF-8"?>
<!-- Generated by org.testng.reporters.JUnitReportReporter -->
<testsuite hostname="naina" failures="0" tests="1" name="com.FlipkartProject.Tests.ElectronicsTest" time="10.226" errors="0" timestamp="2022-02-07T10:47:54 IST" skipped="0">
  <testcase classname="com.FlipkartProject.Tests.ElectronicsTest" name="Test_01_Electronics" time="10.226"/>
  <system-out/>
</testsuite> <!-- com.FlipkartProject.Tests.ElectronicsTest -->
