<?xml version="1.0" encoding="UTF-8"?>
<!-- Generated by org.testng.reporters.JUnitReportReporter -->
<testsuite hostname="naina" failures="0" tests="1" name="com.FlipkartProject.Tests.MyOrdersTest" time="10.300" errors="0" timestamp="2022-02-06T21:54:13 IST" skipped="0">
  <testcase classname="com.FlipkartProject.Tests.MyOrdersTest" name="Test_01_myOrders" time="10.300"/>
  <system-out/>
</testsuite> <!-- com.FlipkartProject.Tests.MyOrdersTest -->
