<?xml version="1.0" encoding="UTF-8"?>
<!-- Generated by org.testng.reporters.JUnitReportReporter -->
<testsuite hostname="naina" failures="0" tests="2" name="com.FlipkartProject.Tests.SearchProductTest" time="21.908" errors="0" timestamp="2022-02-06T21:49:58 IST" skipped="0">
  <testcase classname="com.FlipkartProject.Tests.SearchProductTest" name="Test_02_deleteFromWishlist" time="13.441"/>
  <system-out/>
  <testcase classname="com.FlipkartProject.Tests.SearchProductTest" name="Test_01_searchAndAddToWishlist" time="8.467"/>
  <system-out/>
</testsuite> <!-- com.FlipkartProject.Tests.SearchProductTest -->
