<?xml version="1.0" encoding="UTF-8"?>
<!-- Generated by org.testng.reporters.JUnitReportReporter -->
<testsuite hostname="naina" failures="0" tests="2" name="com.FlipkartProject.Tests.GroceryTest" time="11.404" errors="0" timestamp="2022-02-04T16:46:22 IST" skipped="0">
  <testcase classname="com.FlipkartProject.Tests.GroceryTest" name="groceryPageVerification" time="7.415"/>
  <system-out/>
  <testcase classname="com.FlipkartProject.Tests.GroceryTest" name="groceryProductSearch" time="3.989"/>
  <system-out/>
</testsuite> <!-- com.FlipkartProject.Tests.GroceryTest -->
