<?xml version="1.0" encoding="UTF-8"?>
<!-- Generated by org.testng.reporters.JUnitReportReporter -->
<testsuite hostname="naina" failures="0" tests="3" name="com.FlipkartProject.Tests.ProductSpecificationTest" time="28.514" errors="0" timestamp="2022-02-06T21:49:58 IST" skipped="0">
  <testcase classname="com.FlipkartProject.Tests.ProductSpecificationTest" name="Test_02_changePincode" time="10.995"/>
  <system-out/>
  <testcase classname="com.FlipkartProject.Tests.ProductSpecificationTest" name="Test_01_changeColorAndStorage" time="7.846"/>
  <system-out/>
  <testcase classname="com.FlipkartProject.Tests.ProductSpecificationTest" name="Test_03_Reviews" time="9.673"/>
  <system-out/>
</testsuite> <!-- com.FlipkartProject.Tests.ProductSpecificationTest -->
