<?xml version="1.0" encoding="UTF-8"?>
<!-- Generated by org.testng.reporters.JUnitReportReporter -->
<testsuite hostname="naina" failures="0" tests="2" name="com.FlipkartProject.Tests.GroceryTest" time="8.248" errors="0" timestamp="07 Feb 2022 11:24:43 GMT" skipped="0">
  <testcase classname="com.FlipkartProject.Tests.GroceryTest" name="Test_01_groceryPageVerification" time="4.050"/>
  <testcase classname="com.FlipkartProject.Tests.GroceryTest" name="Test_02_groceryProductSearch" time="4.198"/>
</testsuite> <!-- com.FlipkartProject.Tests.GroceryTest -->
