<?xml version="1.0" encoding="UTF-8"?>
<!-- Generated by org.testng.reporters.JUnitReportReporter -->
<testsuite hostname="naina" failures="0" tests="1" name="com.FlipkartProject.Tests.AddToCartTest" time="5.907" errors="0" timestamp="07 Feb 2022 11:24:43 GMT" skipped="0">
  <testcase classname="com.FlipkartProject.Tests.AddToCartTest" name="Test_01_addTOCart" time="5.907"/>
</testsuite> <!-- com.FlipkartProject.Tests.AddToCartTest -->
