<?xml version="1.0" encoding="UTF-8"?>
<!-- Generated by org.testng.reporters.JUnitReportReporter -->
<testsuite hostname="naina" failures="0" tests="2" name="com.FlipkartProject.Tests.MyProfileTest" time="18.930" errors="0" timestamp="07 Feb 2022 11:24:43 GMT" skipped="0">
  <testcase classname="com.FlipkartProject.Tests.MyProfileTest" name="Test_01_myAddress" time="11.251"/>
  <testcase classname="com.FlipkartProject.Tests.MyProfileTest" name="Test_02_deleteSavedAddress" time="7.679"/>
</testsuite> <!-- com.FlipkartProject.Tests.MyProfileTest -->
