<?xml version="1.0" encoding="UTF-8"?>
<!-- Generated by org.testng.reporters.JUnitReportReporter -->
<testsuite hostname="naina" failures="0" tests="1" name="com.FlipkartProject.Tests.ElectronicsTest" time="5.701" errors="0" timestamp="07 Feb 2022 11:24:43 GMT" skipped="0">
  <testcase classname="com.FlipkartProject.Tests.ElectronicsTest" name="Test_01_Electronics" time="5.701"/>
</testsuite> <!-- com.FlipkartProject.Tests.ElectronicsTest -->
