<?xml version="1.0" encoding="UTF-8"?>
<!-- Generated by org.testng.reporters.JUnitReportReporter -->
<testsuite hostname="naina" failures="0" tests="2" name="com.FlipkartProject.Tests.SearchProductTest" time="15.400" errors="0" timestamp="07 Feb 2022 11:24:43 GMT" skipped="0">
  <testcase classname="com.FlipkartProject.Tests.SearchProductTest" name="Test_01_searchAndAddToWishlist" time="7.591"/>
  <testcase classname="com.FlipkartProject.Tests.SearchProductTest" name="Test_02_deleteFromWishlist" time="7.809"/>
</testsuite> <!-- com.FlipkartProject.Tests.SearchProductTest -->
