<?xml version="1.0" encoding="UTF-8"?>
<!-- Generated by org.testng.reporters.JUnitReportReporter -->
<testsuite hostname="naina" failures="0" tests="3" name="com.FlipkartProject.Tests.FiltersTest" time="26.638" errors="0" timestamp="07 Feb 2022 11:24:43 GMT" skipped="0">
  <testcase classname="com.FlipkartProject.Tests.FiltersTest" name="Test_01_popularityFilter" time="5.059"/>
  <testcase classname="com.FlipkartProject.Tests.FiltersTest" name="Test_03_priceHighToLow" time="16.738"/>
  <testcase classname="com.FlipkartProject.Tests.FiltersTest" name="Test_02_priceLowToHigh" time="4.841"/>
</testsuite> <!-- com.FlipkartProject.Tests.FiltersTest -->
