<?xml version="1.0" encoding="UTF-8"?>
<!-- Generated by org.testng.reporters.JUnitReportReporter -->
<testsuite hostname="naina" failures="0" tests="3" name="com.FlipkartProject.Tests.MyOrdersTest" time="28.645" errors="0" timestamp="07 Feb 2022 11:24:43 GMT" skipped="0">
  <testcase classname="com.FlipkartProject.Tests.MyOrdersTest" name="Test_02_OrderIn2020" time="8.705"/>
  <testcase classname="com.FlipkartProject.Tests.MyOrdersTest" name="Test_03_ReviewOrder" time="10.809"/>
  <testcase classname="com.FlipkartProject.Tests.MyOrdersTest" name="Test_01_myOrders" time="9.131"/>
</testsuite> <!-- com.FlipkartProject.Tests.MyOrdersTest -->
